<?xml version="1.0" encoding="utf-8"?><testsuites><testsuite name="pytest" errors="0" failures="0" skipped="0" tests="5" time="0.598" timestamp="2025-05-17T13:07:36.350434+03:00" hostname="Fikernews-MacBook-Air.local"><testcase classname="tests.unit_tests.test_main.TestTaskManager" name="test_create_task" time="0.013" /><testcase classname="tests.unit_tests.test_main.TestTaskManager" name="test_delete_task" time="0.004" /><testcase classname="tests.unit_tests.test_main.TestTaskManager" name="test_read_task" time="0.004" /><testcase classname="tests.unit_tests.test_main.TestTaskManager" name="test_task_not_found" time="0.002" /><testcase classname="tests.unit_tests.test_main.TestTaskManager" name="test_update_task" time="0.004" /></testsuite></testsuites>