<?xml version="1.0" encoding="utf-8"?><testsuites><testsuite name="pytest" errors="0" failures="0" skipped="0" tests="5" time="0.502" timestamp="2025-05-18T00:22:31.362122+03:00" hostname="Fikernews-MacBook-Air.local"><testcase classname="task_manager.tests.unit_tests.test_main.TestTaskManager" name="test_create_task" time="0.053" /><testcase classname="task_manager.tests.unit_tests.test_main.TestTaskManager" name="test_delete_task" time="0.003" /><testcase classname="task_manager.tests.unit_tests.test_main.TestTaskManager" name="test_read_task" time="0.003" /><testcase classname="task_manager.tests.unit_tests.test_main.TestTaskManager" name="test_task_not_found" time="0.002" /><testcase classname="task_manager.tests.unit_tests.test_main.TestTaskManager" name="test_update_task" time="0.003" /></testsuite></testsuites>